<?xml version="1.0" encoding="UTF-8"?>
<testsuites name="E2E Test" time="236.462" tests="8" failures="0" errors="1">
   <testsuite name="E2E Test" tests="8" failures="0" errors="1" time="236.462" skipped="0" timestamp="2023-11-07 22:16:57" hostname="appledanamas - localhost" id="Test Suites/E2E Test">
      <properties>
         <property name="deviceName" value=""/>
         <property name="devicePlatform" value=""/>
         <property name="logFolder" value="/Users/appledanamas/Katalon Studio/QA Automation Test/Reports/20231107_221631/E2E Test/20231107_221631"/>
         <property name="logFiles" value="/Users/appledanamas/Katalon Studio/QA Automation Test/Reports/20231107_221631/E2E Test/20231107_221631/execution0.log"/>
         <property name="attachments" value="/Users/appledanamas/Katalon Studio/QA Automation Test/Reports/20231107_221631/E2E Test/20231107_221631/1699370261596.png"/>
         <property name="hostName" value="appledanamas - localhost"/>
         <property name="os" value="Mac OS X 64bit"/>
         <property name="katalonVersion" value="8.4.0.208"/>
         <property name="browser" value="Firefox 100.0"/>
         <property name="hostAddress" value="127.0.0.1"/>
         <property name="sessionId" value="d88f26ea-c00c-40c9-9831-a8332baf300c"/>
         <property name="seleniumVersion" value="3.141.59"/>
         <property name="proxyInformation" value="ProxyInformation { proxyOption=NO_PROXY, proxyServerType=HTTP, username=, password=********, proxyServerAddress=, proxyServerPort=0, executionList=&quot;&quot;, isApplyToDesiredCapabilities=true }"/>
         <property name="platform" value="Mac OS X"/>
      </properties>
      <testcase name="Test Cases/SearchJobListByLocation" time="46.741" classname="Test Cases/SearchJobListByLocation" status="PASSED">
         <system-out><![CDATA[2023-11-07 22:16:57 - [TEST_CASE][PASSED] - Test Cases/SearchJobListByLocation: Test Cases/SearchJobListByLocation

2023-11-07 22:16:58 - [TEST_STEP][PASSED] - openBrowser("https://qode.world/career/job-listing"): Browser is opened with url: 'https://qode.world/career/job-listing'

2023-11-07 22:16:58 - [MESSAGE][INFO] - Starting 'Firefox' driver

2023-11-07 22:16:58 - [MESSAGE][INFO] - Action delay is set to 0 milliseconds

2023-11-07 22:17:06 - [MESSAGE][PASSED] - Browser is opened with url: 'https://qode.world/career/job-listing'

2023-11-07 22:17:06 - [TEST_STEP][PASSED] - click(findTestObject("button_Location")): Object: 'Object Repository/button_Location' is clicked on

2023-11-07 22:17:08 - [MESSAGE][PASSED] - Object: 'Object Repository/button_Location' is clicked on

2023-11-07 22:17:08 - [TEST_STEP][PASSED] - setText(findTestObject("input_Location"), location): Text 'Vietnam' is set on object 'Object Repository/input_Location'

2023-11-07 22:17:09 - [MESSAGE][PASSED] - Text 'Vietnam' is set on object 'Object Repository/input_Location'

2023-11-07 22:17:09 - [TEST_STEP][PASSED] - sendKeys(findTestObject("input_Location"), Keys.chord(ENTER)): Keys 'ENTER + ' sent to object: 'Object Repository/input_Location'

2023-11-07 22:17:10 - [MESSAGE][PASSED] - Keys 'ENTER + ' sent to object: 'Object Repository/input_Location'

2023-11-07 22:17:10 - [TEST_STEP][PASSED] - click(findTestObject("button_close_popup"), OPTIONAL): Unable to click on object 'Object Repository/button_close_popup' (Root cause: com.kms.katalon.core.exception.StepFailedException: Unable to click on object 'Object Repository/button_close_popup'
	at com.kms.katalon.core.webui.keyword.internal.WebUIKeywordMain.stepFailed(WebUIKeywordMain.groovy:64)
	at com.kms.katalon.core.webui.keyword.internal.WebUIKeywordMain.runKeyword(WebUIKeywordMain.groovy:26)
	at com.kms.katalon.core.webui.keyword.builtin.ClickKeyword.click(ClickKeyword.groovy:74)
	at com.kms.katalon.core.webui.keyword.builtin.ClickKeyword.execute(ClickKeyword.groovy:40)
	at com.kms.katalon.core.keyword.internal.KeywordExecutor.executeKeywordForPlatform(KeywordExecutor.groovy:74)
	at com.kms.katalon.core.webui.keyword.WebUiBuiltInKeywords.click(WebUiBuiltInKeywords.groovy:608)
	at com.kms.katalon.core.webui.keyword.WebUiBuiltInKeywords$click$3.call(Unknown Source)
	at SearchJobListByLocation.run(SearchJobListByLocation:30)
	at com.kms.katalon.core.main.ScriptEngine.run(ScriptEngine.java:194)
	at com.kms.katalon.core.main.ScriptEngine.runScriptAsRawText(ScriptEngine.java:119)
	at com.kms.katalon.core.main.TestCaseExecutor.runScript(TestCaseExecutor.java:445)
	at com.kms.katalon.core.main.TestCaseExecutor.doExecute(TestCaseExecutor.java:436)
	at com.kms.katalon.core.main.TestCaseExecutor.processExecutionPhase(TestCaseExecutor.java:415)
	at com.kms.katalon.core.main.TestCaseExecutor.accessMainPhase(TestCaseExecutor.java:407)
	at com.kms.katalon.core.main.TestCaseExecutor.execute(TestCaseExecutor.java:284)
	at com.kms.katalon.core.common.CommonExecutor.accessTestCaseMainPhase(CommonExecutor.java:65)
	at com.kms.katalon.core.main.TestSuiteExecutor.accessTestSuiteMainPhase(TestSuiteExecutor.java:144)
	at com.kms.katalon.core.main.TestSuiteExecutor.execute(TestSuiteExecutor.java:106)
	at com.kms.katalon.core.main.TestCaseMain.startTestSuite(TestCaseMain.java:185)
	at com.kms.katalon.core.main.TestCaseMain$startTestSuite$0.call(Unknown Source)
	at TempTestSuite1699370191094.run(TempTestSuite1699370191094.groovy:36)
Caused by: org.openqa.selenium.ElementClickInterceptedException: Element <button class="chakra-button css-gpqbxo" type="button"> is not clickable at point (184,781) because another element <div class="chakra-modal__content-container css-10s5a55"> obscures it
Build info: version: '3.141.59', revision: 'e82be7d358', time: '2018-11-14T08:25:53'
System info: host: 'Apples-MacBook-Pro-7.local', ip: '2001:448a:11b0:365d:e546:a30d:209d:ba73%en0', os.name: 'Mac OS X', os.arch: 'x86_64', os.version: '10.16', java.version: '1.8.0_275'
Driver info: com.kms.katalon.core.webui.driver.firefox.CGeckoDriver
Capabilities {acceptInsecureCerts: true, browserName: firefox, browserVersion: 100.0.1, javascriptEnabled: true, moz:accessibilityChecks: false, moz:buildID: 20220513165813, moz:geckodriverVersion: 0.31.0, moz:headless: false, moz:processID: 35805, moz:profile: /var/folders/xw/278pm9g942b..., moz:shutdownTimeout: 60000, moz:useNonSpecCompliantPointerOrigin: false, moz:webdriverClick: true, pageLoadStrategy: normal, platform: MAC, platformName: MAC, platformVersion: 21.1.0, proxy: Proxy(direct), setWindowRect: true, strictFileInteractability: false, timeouts: {implicit: 0, pageLoad: 300000, script: 30000}, unhandledPromptBehavior: dismiss and notify}
Session ID: 34e5e1aa-1c68-4bb8-af27-ce215befd848
	at org.openqa.selenium.remote.http.W3CHttpResponseCodec.createException(W3CHttpResponseCodec.java:187)
	at org.openqa.selenium.remote.http.W3CHttpResponseCodec.decode(W3CHttpResponseCodec.java:122)
	at org.openqa.selenium.remote.http.W3CHttpResponseCodec.decode(W3CHttpResponseCodec.java:49)
	at org.openqa.selenium.remote.HttpCommandExecutor.execute(HttpCommandExecutor.java:158)
	at org.openqa.selenium.remote.service.DriverCommandExecutor.execute(DriverCommandExecutor.java:83)
	at org.openqa.selenium.remote.RemoteWebDriver.execute(RemoteWebDriver.java:552)
	at com.kms.katalon.selenium.driver.CFirefoxDriver.execute(CFirefoxDriver.java:27)
	at org.openqa.selenium.remote.RemoteWebElement.execute(RemoteWebElement.java:285)
	at org.openqa.selenium.remote.RemoteWebElement.click(RemoteWebElement.java:84)
	at org.openqa.selenium.support.events.EventFiringWebDriver$EventFiringWebElement.lambda$new$0(EventFiringWebDriver.java:404)
	at com.sun.proxy.$Proxy11.click(Unknown Source)
	at org.openqa.selenium.support.events.EventFiringWebDriver$EventFiringWebElement.click(EventFiringWebDriver.java:417)
	at org.openqa.selenium.WebElement$click.call(Unknown Source)
	at com.kms.katalon.core.webui.keyword.builtin.ClickKeyword.clickUntilSuccessWithTimeout(ClickKeyword.groovy:81)
	at com.kms.katalon.core.webui.keyword.builtin.ClickKeyword.clickUntilSuccessWithTimeout(ClickKeyword.groovy)
	at com.kms.katalon.core.webui.keyword.builtin.ClickKeyword$_click_closure1.doCall(ClickKeyword.groovy:67)
	at com.kms.katalon.core.webui.keyword.builtin.ClickKeyword$_click_closure1.call(ClickKeyword.groovy)
	at com.kms.katalon.core.webui.keyword.internal.WebUIKeywordMain.runKeyword(WebUIKeywordMain.groovy:20)
	at com.kms.katalon.core.webui.keyword.builtin.ClickKeyword.click(ClickKeyword.groovy:74)
	at com.kms.katalon.core.webui.keyword.builtin.ClickKeyword.execute(ClickKeyword.groovy:40)
	at com.kms.katalon.core.keyword.internal.KeywordExecutor.executeKeywordForPlatform(KeywordExecutor.groovy:74)
	at com.kms.katalon.core.webui.keyword.WebUiBuiltInKeywords.click(WebUiBuiltInKeywords.groovy:608)
	at com.kms.katalon.core.webui.keyword.WebUiBuiltInKeywords$click$3.call(Unknown Source)
	at Script1699364917921.run(Script1699364917921.groovy:30)
	... 13 more
)

2023-11-07 22:17:42 - [MESSAGE][WARNING] - Unable to click on object 'Object Repository/button_close_popup' (Root cause: com.kms.katalon.core.exception.StepFailedException: Unable to click on object 'Object Repository/button_close_popup'
	at com.kms.katalon.core.webui.keyword.internal.WebUIKeywordMain.stepFailed(WebUIKeywordMain.groovy:64)
	at com.kms.katalon.core.webui.keyword.internal.WebUIKeywordMain.runKeyword(WebUIKeywordMain.groovy:26)
	at com.kms.katalon.core.webui.keyword.builtin.ClickKeyword.click(ClickKeyword.groovy:74)
	at com.kms.katalon.core.webui.keyword.builtin.ClickKeyword.execute(ClickKeyword.groovy:40)
	at com.kms.katalon.core.keyword.internal.KeywordExecutor.executeKeywordForPlatform(KeywordExecutor.groovy:74)
	at com.kms.katalon.core.webui.keyword.WebUiBuiltInKeywords.click(WebUiBuiltInKeywords.groovy:608)
	at com.kms.katalon.core.webui.keyword.WebUiBuiltInKeywords$click$3.call(Unknown Source)
	at SearchJobListByLocation.run(SearchJobListByLocation:30)
	at com.kms.katalon.core.main.ScriptEngine.run(ScriptEngine.java:194)
	at com.kms.katalon.core.main.ScriptEngine.runScriptAsRawText(ScriptEngine.java:119)
	at com.kms.katalon.core.main.TestCaseExecutor.runScript(TestCaseExecutor.java:445)
	at com.kms.katalon.core.main.TestCaseExecutor.doExecute(TestCaseExecutor.java:436)
	at com.kms.katalon.core.main.TestCaseExecutor.processExecutionPhase(TestCaseExecutor.java:415)
	at com.kms.katalon.core.main.TestCaseExecutor.accessMainPhase(TestCaseExecutor.java:407)
	at com.kms.katalon.core.main.TestCaseExecutor.execute(TestCaseExecutor.java:284)
	at com.kms.katalon.core.common.CommonExecutor.accessTestCaseMainPhase(CommonExecutor.java:65)
	at com.kms.katalon.core.main.TestSuiteExecutor.accessTestSuiteMainPhase(TestSuiteExecutor.java:144)
	at com.kms.katalon.core.main.TestSuiteExecutor.execute(TestSuiteExecutor.java:106)
	at com.kms.katalon.core.main.TestCaseMain.startTestSuite(TestCaseMain.java:185)
	at com.kms.katalon.core.main.TestCaseMain$startTestSuite$0.call(Unknown Source)
	at TempTestSuite1699370191094.run(TempTestSuite1699370191094.groovy:36)
Caused by: org.openqa.selenium.ElementClickInterceptedException: Element <button class="chakra-button css-gpqbxo" type="button"> is not clickable at point (184,781) because another element <div class="chakra-modal__content-container css-10s5a55"> obscures it
Build info: version: '3.141.59', revision: 'e82be7d358', time: '2018-11-14T08:25:53'
System info: host: 'Apples-MacBook-Pro-7.local', ip: '2001:448a:11b0:365d:e546:a30d:209d:ba73%en0', os.name: 'Mac OS X', os.arch: 'x86_64', os.version: '10.16', java.version: '1.8.0_275'
Driver info: com.kms.katalon.core.webui.driver.firefox.CGeckoDriver
Capabilities {acceptInsecureCerts: true, browserName: firefox, browserVersion: 100.0.1, javascriptEnabled: true, moz:accessibilityChecks: false, moz:buildID: 20220513165813, moz:geckodriverVersion: 0.31.0, moz:headless: false, moz:processID: 35805, moz:profile: /var/folders/xw/278pm9g942b..., moz:shutdownTimeout: 60000, moz:useNonSpecCompliantPointerOrigin: false, moz:webdriverClick: true, pageLoadStrategy: normal, platform: MAC, platformName: MAC, platformVersion: 21.1.0, proxy: Proxy(direct), setWindowRect: true, strictFileInteractability: false, timeouts: {implicit: 0, pageLoad: 300000, script: 30000}, unhandledPromptBehavior: dismiss and notify}
Session ID: 34e5e1aa-1c68-4bb8-af27-ce215befd848
	at org.openqa.selenium.remote.http.W3CHttpResponseCodec.createException(W3CHttpResponseCodec.java:187)
	at org.openqa.selenium.remote.http.W3CHttpResponseCodec.decode(W3CHttpResponseCodec.java:122)
	at org.openqa.selenium.remote.http.W3CHttpResponseCodec.decode(W3CHttpResponseCodec.java:49)
	at org.openqa.selenium.remote.HttpCommandExecutor.execute(HttpCommandExecutor.java:158)
	at org.openqa.selenium.remote.service.DriverCommandExecutor.execute(DriverCommandExecutor.java:83)
	at org.openqa.selenium.remote.RemoteWebDriver.execute(RemoteWebDriver.java:552)
	at com.kms.katalon.selenium.driver.CFirefoxDriver.execute(CFirefoxDriver.java:27)
	at org.openqa.selenium.remote.RemoteWebElement.execute(RemoteWebElement.java:285)
	at org.openqa.selenium.remote.RemoteWebElement.click(RemoteWebElement.java:84)
	at org.openqa.selenium.support.events.EventFiringWebDriver$EventFiringWebElement.lambda$new$0(EventFiringWebDriver.java:404)
	at com.sun.proxy.$Proxy11.click(Unknown Source)
	at org.openqa.selenium.support.events.EventFiringWebDriver$EventFiringWebElement.click(EventFiringWebDriver.java:417)
	at org.openqa.selenium.WebElement$click.call(Unknown Source)
	at com.kms.katalon.core.webui.keyword.builtin.ClickKeyword.clickUntilSuccessWithTimeout(ClickKeyword.groovy:81)
	at com.kms.katalon.core.webui.keyword.builtin.ClickKeyword.clickUntilSuccessWithTimeout(ClickKeyword.groovy)
	at com.kms.katalon.core.webui.keyword.builtin.ClickKeyword$_click_closure1.doCall(ClickKeyword.groovy:67)
	at com.kms.katalon.core.webui.keyword.builtin.ClickKeyword$_click_closure1.call(ClickKeyword.groovy)
	at com.kms.katalon.core.webui.keyword.internal.WebUIKeywordMain.runKeyword(WebUIKeywordMain.groovy:20)
	at com.kms.katalon.core.webui.keyword.builtin.ClickKeyword.click(ClickKeyword.groovy:74)
	at com.kms.katalon.core.webui.keyword.builtin.ClickKeyword.execute(ClickKeyword.groovy:40)
	at com.kms.katalon.core.keyword.internal.KeywordExecutor.executeKeywordForPlatform(KeywordExecutor.groovy:74)
	at com.kms.katalon.core.webui.keyword.WebUiBuiltInKeywords.click(WebUiBuiltInKeywords.groovy:608)
	at com.kms.katalon.core.webui.keyword.WebUiBuiltInKeywords$click$3.call(Unknown Source)
	at Script1699364917921.run(Script1699364917921.groovy:30)
	... 13 more
)
[[ATTACHMENT|/Users/appledanamas/Katalon Studio/QA Automation Test/Reports/20231107_221631/E2E Test/20231107_221631/1699370261596.png]]

2023-11-07 22:17:42 - [TEST_STEP][PASSED] - waitForElementVisible(findTestObject("list_Job"), 3): Object 'Object Repository/list_Job' is visible

2023-11-07 22:17:42 - [MESSAGE][PASSED] - Object 'Object Repository/list_Job' is visible

2023-11-07 22:17:42 - [TEST_STEP][PASSED] - verifyTextPresent(location, false): Text 'Vietnam' is present on page 

2023-11-07 22:17:43 - [MESSAGE][PASSED] - Text 'Vietnam' is present on page 

2023-11-07 22:17:43 - [TEST_STEP][PASSED] - closeBrowser(): Browser is closed

2023-11-07 22:17:44 - [MESSAGE][PASSED] - Browser is closed]]></system-out>
         <system-err><![CDATA[]]></system-err>
      </testcase>
      <testcase name="Test Cases/SearchJobListByRoleName" time="9.913" classname="Test Cases/SearchJobListByRoleName" status="ERROR">
         <error type="ERROR" message="Test Cases/SearchJobListByRoleName FAILED.
Reason:
groovy.lang.MissingMethodException: No signature of method: Script1699359265753.findTestObject() is applicable for argument types: () values: []
	at SearchJobListByRoleName.run(SearchJobListByRoleName:33)
	at com.kms.katalon.core.main.ScriptEngine.run(ScriptEngine.java:194)
	at com.kms.katalon.core.main.ScriptEngine.runScriptAsRawText(ScriptEngine.java:119)
	at com.kms.katalon.core.main.TestCaseExecutor.runScript(TestCaseExecutor.java:445)
	at com.kms.katalon.core.main.TestCaseExecutor.doExecute(TestCaseExecutor.java:436)
	at com.kms.katalon.core.main.TestCaseExecutor.processExecutionPhase(TestCaseExecutor.java:415)
	at com.kms.katalon.core.main.TestCaseExecutor.accessMainPhase(TestCaseExecutor.java:407)
	at com.kms.katalon.core.main.TestCaseExecutor.execute(TestCaseExecutor.java:284)
	at com.kms.katalon.core.common.CommonExecutor.accessTestCaseMainPhase(CommonExecutor.java:65)
	at com.kms.katalon.core.main.TestSuiteExecutor.accessTestSuiteMainPhase(TestSuiteExecutor.java:144)
	at com.kms.katalon.core.main.TestSuiteExecutor.execute(TestSuiteExecutor.java:106)
	at com.kms.katalon.core.main.TestCaseMain.startTestSuite(TestCaseMain.java:185)
	at com.kms.katalon.core.main.TestCaseMain$startTestSuite$0.call(Unknown Source)
	at TempTestSuite1699370191094.run(TempTestSuite1699370191094.groovy:36)
"/>
         <system-out><![CDATA[2023-11-07 22:17:44 - [TEST_CASE][ERROR] - Test Cases/SearchJobListByRoleName: Test Cases/SearchJobListByRoleName FAILED.
Reason:
groovy.lang.MissingMethodException: No signature of method: Script1699359265753.findTestObject() is applicable for argument types: () values: []
	at SearchJobListByRoleName.run(SearchJobListByRoleName:33)
	at com.kms.katalon.core.main.ScriptEngine.run(ScriptEngine.java:194)
	at com.kms.katalon.core.main.ScriptEngine.runScriptAsRawText(ScriptEngine.java:119)
	at com.kms.katalon.core.main.TestCaseExecutor.runScript(TestCaseExecutor.java:445)
	at com.kms.katalon.core.main.TestCaseExecutor.doExecute(TestCaseExecutor.java:436)
	at com.kms.katalon.core.main.TestCaseExecutor.processExecutionPhase(TestCaseExecutor.java:415)
	at com.kms.katalon.core.main.TestCaseExecutor.accessMainPhase(TestCaseExecutor.java:407)
	at com.kms.katalon.core.main.TestCaseExecutor.execute(TestCaseExecutor.java:284)
	at com.kms.katalon.core.common.CommonExecutor.accessTestCaseMainPhase(CommonExecutor.java:65)
	at com.kms.katalon.core.main.TestSuiteExecutor.accessTestSuiteMainPhase(TestSuiteExecutor.java:144)
	at com.kms.katalon.core.main.TestSuiteExecutor.execute(TestSuiteExecutor.java:106)
	at com.kms.katalon.core.main.TestCaseMain.startTestSuite(TestCaseMain.java:185)
	at com.kms.katalon.core.main.TestCaseMain$startTestSuite$0.call(Unknown Source)
	at TempTestSuite1699370191094.run(TempTestSuite1699370191094.groovy:36)


2023-11-07 22:17:44 - [TEST_STEP][PASSED] - openBrowser("https://qode.world/career/job-listing"): Browser is opened with url: 'https://qode.world/career/job-listing'

2023-11-07 22:17:44 - [MESSAGE][INFO] - Starting 'Firefox' driver

2023-11-07 22:17:44 - [MESSAGE][INFO] - Action delay is set to 0 milliseconds

2023-11-07 22:17:50 - [MESSAGE][PASSED] - Browser is opened with url: 'https://qode.world/career/job-listing'

2023-11-07 22:17:50 - [TEST_STEP][PASSED] - setText(findTestObject("input_Search"), roleName): Text 'QA Engineer' is set on object 'Object Repository/input_Search'

2023-11-07 22:17:52 - [MESSAGE][PASSED] - Text 'QA Engineer' is set on object 'Object Repository/input_Search'

2023-11-07 22:17:52 - [TEST_STEP][PASSED] - sendKeys(findTestObject("input_Search"), Keys.chord(ENTER)): Keys 'ENTER + ' sent to object: 'Object Repository/input_Search'

2023-11-07 22:17:53 - [MESSAGE][PASSED] - Keys 'ENTER + ' sent to object: 'Object Repository/input_Search'

2023-11-07 22:17:53 - [TEST_STEP][PASSED] - waitForElementVisible(findTestObject("list_Job"), 3): Object 'Object Repository/list_Job' is visible

2023-11-07 22:17:54 - [MESSAGE][PASSED] - Object 'Object Repository/list_Job' is visible

2023-11-07 22:17:54 - [TEST_STEP][ERROR] - verifyElementText(findTestObject(), roleName): Test Cases/SearchJobListByRoleName FAILED.
Reason:
groovy.lang.MissingMethodException: No signature of method: Script1699359265753.findTestObject() is applicable for argument types: () values: []
	at SearchJobListByRoleName.run(SearchJobListByRoleName:33)
	at com.kms.katalon.core.main.ScriptEngine.run(ScriptEngine.java:194)
	at com.kms.katalon.core.main.ScriptEngine.runScriptAsRawText(ScriptEngine.java:119)
	at com.kms.katalon.core.main.TestCaseExecutor.runScript(TestCaseExecutor.java:445)
	at com.kms.katalon.core.main.TestCaseExecutor.doExecute(TestCaseExecutor.java:436)
	at com.kms.katalon.core.main.TestCaseExecutor.processExecutionPhase(TestCaseExecutor.java:415)
	at com.kms.katalon.core.main.TestCaseExecutor.accessMainPhase(TestCaseExecutor.java:407)
	at com.kms.katalon.core.main.TestCaseExecutor.execute(TestCaseExecutor.java:284)
	at com.kms.katalon.core.common.CommonExecutor.accessTestCaseMainPhase(CommonExecutor.java:65)
	at com.kms.katalon.core.main.TestSuiteExecutor.accessTestSuiteMainPhase(TestSuiteExecutor.java:144)
	at com.kms.katalon.core.main.TestSuiteExecutor.execute(TestSuiteExecutor.java:106)
	at com.kms.katalon.core.main.TestCaseMain.startTestSuite(TestCaseMain.java:185)
	at com.kms.katalon.core.main.TestCaseMain$startTestSuite$0.call(Unknown Source)
	at TempTestSuite1699370191094.run(TempTestSuite1699370191094.groovy:36)


2023-11-07 22:17:54 - [MESSAGE][ERROR] - Test Cases/SearchJobListByRoleName FAILED.
Reason:
groovy.lang.MissingMethodException: No signature of method: Script1699359265753.findTestObject() is applicable for argument types: () values: []
	at SearchJobListByRoleName.run(SearchJobListByRoleName:33)
	at com.kms.katalon.core.main.ScriptEngine.run(ScriptEngine.java:194)
	at com.kms.katalon.core.main.ScriptEngine.runScriptAsRawText(ScriptEngine.java:119)
	at com.kms.katalon.core.main.TestCaseExecutor.runScript(TestCaseExecutor.java:445)
	at com.kms.katalon.core.main.TestCaseExecutor.doExecute(TestCaseExecutor.java:436)
	at com.kms.katalon.core.main.TestCaseExecutor.processExecutionPhase(TestCaseExecutor.java:415)
	at com.kms.katalon.core.main.TestCaseExecutor.accessMainPhase(TestCaseExecutor.java:407)
	at com.kms.katalon.core.main.TestCaseExecutor.execute(TestCaseExecutor.java:284)
	at com.kms.katalon.core.common.CommonExecutor.accessTestCaseMainPhase(CommonExecutor.java:65)
	at com.kms.katalon.core.main.TestSuiteExecutor.accessTestSuiteMainPhase(TestSuiteExecutor.java:144)
	at com.kms.katalon.core.main.TestSuiteExecutor.execute(TestSuiteExecutor.java:106)
	at com.kms.katalon.core.main.TestCaseMain.startTestSuite(TestCaseMain.java:185)
	at com.kms.katalon.core.main.TestCaseMain$startTestSuite$0.call(Unknown Source)
	at TempTestSuite1699370191094.run(TempTestSuite1699370191094.groovy:36)]]></system-out>
         <system-err><![CDATA[2023-11-07 22:17:44 - [TEST_CASE][ERROR] - Test Cases/SearchJobListByRoleName: Test Cases/SearchJobListByRoleName FAILED.
Reason:
groovy.lang.MissingMethodException: No signature of method: Script1699359265753.findTestObject() is applicable for argument types: () values: []
	at SearchJobListByRoleName.run(SearchJobListByRoleName:33)
	at com.kms.katalon.core.main.ScriptEngine.run(ScriptEngine.java:194)
	at com.kms.katalon.core.main.ScriptEngine.runScriptAsRawText(ScriptEngine.java:119)
	at com.kms.katalon.core.main.TestCaseExecutor.runScript(TestCaseExecutor.java:445)
	at com.kms.katalon.core.main.TestCaseExecutor.doExecute(TestCaseExecutor.java:436)
	at com.kms.katalon.core.main.TestCaseExecutor.processExecutionPhase(TestCaseExecutor.java:415)
	at com.kms.katalon.core.main.TestCaseExecutor.accessMainPhase(TestCaseExecutor.java:407)
	at com.kms.katalon.core.main.TestCaseExecutor.execute(TestCaseExecutor.java:284)
	at com.kms.katalon.core.common.CommonExecutor.accessTestCaseMainPhase(CommonExecutor.java:65)
	at com.kms.katalon.core.main.TestSuiteExecutor.accessTestSuiteMainPhase(TestSuiteExecutor.java:144)
	at com.kms.katalon.core.main.TestSuiteExecutor.execute(TestSuiteExecutor.java:106)
	at com.kms.katalon.core.main.TestCaseMain.startTestSuite(TestCaseMain.java:185)
	at com.kms.katalon.core.main.TestCaseMain$startTestSuite$0.call(Unknown Source)
	at TempTestSuite1699370191094.run(TempTestSuite1699370191094.groovy:36)]]></system-err>
      </testcase>
      <testcase name="Test Cases/VerifyJobDetailsPage" time="11.427" classname="Test Cases/VerifyJobDetailsPage" status="PASSED">
         <system-out><![CDATA[2023-11-07 22:17:54 - [TEST_CASE][PASSED] - Test Cases/VerifyJobDetailsPage: Test Cases/VerifyJobDetailsPage

2023-11-07 22:17:54 - [TEST_STEP][PASSED] - openBrowser("https://qode.world/career/job-listing"): Browser is opened with url: 'https://qode.world/career/job-listing'

2023-11-07 22:17:54 - [MESSAGE][WARNING] - A browser is already opened. Closing browser and opening a new one

2023-11-07 22:17:55 - [MESSAGE][INFO] - Starting 'Firefox' driver

2023-11-07 22:17:55 - [MESSAGE][INFO] - Action delay is set to 0 milliseconds

2023-11-07 22:17:59 - [MESSAGE][PASSED] - Browser is opened with url: 'https://qode.world/career/job-listing'

2023-11-07 22:17:59 - [TEST_STEP][PASSED] - click(findTestObject("list_first_job")): Object: 'Object Repository/list_first_job' is clicked on

2023-11-07 22:18:01 - [MESSAGE][PASSED] - Object: 'Object Repository/list_first_job' is clicked on

2023-11-07 22:18:01 - [TEST_STEP][PASSED] - waitForElementVisible(findTestObject("detail_job"), 3): Object 'Object Repository/detail_job' is visible

2023-11-07 22:18:02 - [MESSAGE][PASSED] - Object 'Object Repository/detail_job' is visible

2023-11-07 22:18:02 - [TEST_STEP][PASSED] - verifyElementPresent(findTestObject("title_job"), 3): Object 'Object Repository/title_job' is present

2023-11-07 22:18:02 - [MESSAGE][PASSED] - Object 'Object Repository/title_job' is present

2023-11-07 22:18:02 - [TEST_STEP][PASSED] - verifyElementPresent(findTestObject("detail_jobdesc"), 3): Object 'Object Repository/detail_jobdesc' is present

2023-11-07 22:18:03 - [MESSAGE][PASSED] - Object 'Object Repository/detail_jobdesc' is present

2023-11-07 22:18:03 - [TEST_STEP][PASSED] - verifyElementPresent(findTestObject("button_Sign_In_To_Apply"), 3): Object 'Object Repository/button_Sign_In_To_Apply' is present

2023-11-07 22:18:05 - [MESSAGE][PASSED] - Object 'Object Repository/button_Sign_In_To_Apply' is present

2023-11-07 22:18:05 - [TEST_STEP][PASSED] - closeBrowser(): Browser is closed

2023-11-07 22:18:05 - [MESSAGE][PASSED] - Browser is closed]]></system-out>
         <system-err><![CDATA[]]></system-err>
      </testcase>
      <testcase name="Test Cases/SortJobListByOldest" time="8.525" classname="Test Cases/SortJobListByOldest" status="PASSED">
         <system-out><![CDATA[2023-11-07 22:18:05 - [TEST_CASE][PASSED] - Test Cases/SortJobListByOldest: Test Cases/SortJobListByOldest

2023-11-07 22:18:06 - [TEST_STEP][PASSED] - openBrowser("https://qode.world/career/job-listing"): Browser is opened with url: 'https://qode.world/career/job-listing'

2023-11-07 22:18:06 - [MESSAGE][INFO] - Starting 'Firefox' driver

2023-11-07 22:18:06 - [MESSAGE][INFO] - Action delay is set to 0 milliseconds

2023-11-07 22:18:10 - [MESSAGE][PASSED] - Browser is opened with url: 'https://qode.world/career/job-listing'

2023-11-07 22:18:10 - [TEST_STEP][PASSED] - click(findTestObject("button_Oldest")): Object: 'Object Repository/button_Oldest' is clicked on

2023-11-07 22:18:13 - [MESSAGE][PASSED] - Object: 'Object Repository/button_Oldest' is clicked on

2023-11-07 22:18:13 - [TEST_STEP][PASSED] - waitForElementVisible(findTestObject("list_Job"), 3): Object 'Object Repository/list_Job' is visible

2023-11-07 22:18:13 - [MESSAGE][PASSED] - Object 'Object Repository/list_Job' is visible

2023-11-07 22:18:13 - [TEST_STEP][PASSED] - closeBrowser(): Browser is closed

2023-11-07 22:18:14 - [MESSAGE][PASSED] - Browser is closed]]></system-out>
         <system-err><![CDATA[]]></system-err>
      </testcase>
      <testcase name="Test Cases/FilterJobListByJobType" time="16.087" classname="Test Cases/FilterJobListByJobType" status="PASSED">
         <system-out><![CDATA[2023-11-07 22:18:14 - [TEST_CASE][PASSED] - Test Cases/FilterJobListByJobType: Test Cases/FilterJobListByJobType

2023-11-07 22:18:14 - [TEST_STEP][PASSED] - openBrowser("https://qode.world/career/job-listing"): Browser is opened with url: 'https://qode.world/career/job-listing'

2023-11-07 22:18:14 - [MESSAGE][INFO] - Starting 'Firefox' driver

2023-11-07 22:18:14 - [MESSAGE][INFO] - Action delay is set to 0 milliseconds

2023-11-07 22:18:19 - [MESSAGE][PASSED] - Browser is opened with url: 'https://qode.world/career/job-listing'

2023-11-07 22:18:19 - [TEST_STEP][PASSED] - click(findTestObject("span_Full-time")): Object: 'Object Repository/span_Full-time' is clicked on

2023-11-07 22:18:21 - [MESSAGE][PASSED] - Object: 'Object Repository/span_Full-time' is clicked on

2023-11-07 22:18:21 - [TEST_STEP][PASSED] - waitForElementVisible(findTestObject("list_Job"), 3): Object 'Object Repository/list_Job' is visible

2023-11-07 22:18:21 - [MESSAGE][PASSED] - Object 'Object Repository/list_Job' is visible

2023-11-07 22:18:21 - [TEST_STEP][PASSED] - click(findTestObject("list_first_job")): Object: 'Object Repository/list_first_job' is clicked on

2023-11-07 22:18:22 - [MESSAGE][PASSED] - Object: 'Object Repository/list_first_job' is clicked on

2023-11-07 22:18:22 - [TEST_STEP][PASSED] - verifyElementPresent(findTestObject("detail_job"), 3): Object 'Object Repository/detail_job' is present

2023-11-07 22:18:29 - [MESSAGE][PASSED] - Object 'Object Repository/detail_job' is present

2023-11-07 22:18:29 - [TEST_STEP][PASSED] - verifyElementText(findTestObject("label_detail_job"), "Full-time"): Actual text and expected text of test object 'Object Repository/label_detail_job' are matched.

2023-11-07 22:18:29 - [MESSAGE][PASSED] - Actual text and expected text of test object 'Object Repository/label_detail_job' are matched.

2023-11-07 22:18:29 - [TEST_STEP][PASSED] - closeBrowser(): Browser is closed

2023-11-07 22:18:30 - [MESSAGE][PASSED] - Browser is closed]]></system-out>
         <system-err><![CDATA[]]></system-err>
      </testcase>
      <testcase name="Test Cases/VerifyJobListFilteringByIndustry" time="26.752" classname="Test Cases/VerifyJobListFilteringByIndustry" status="PASSED">
         <system-out><![CDATA[2023-11-07 22:18:30 - [TEST_CASE][PASSED] - Test Cases/VerifyJobListFilteringByIndustry: Test Cases/VerifyJobListFilteringByIndustry

2023-11-07 22:18:30 - [TEST_STEP][PASSED] - openBrowser("https://qode.world/career/job-listing"): Browser is opened with url: 'https://qode.world/career/job-listing'

2023-11-07 22:18:30 - [MESSAGE][INFO] - Starting 'Firefox' driver

2023-11-07 22:18:30 - [MESSAGE][INFO] - Action delay is set to 0 milliseconds

2023-11-07 22:18:44 - [MESSAGE][PASSED] - Browser is opened with url: 'https://qode.world/career/job-listing'

2023-11-07 22:18:44 - [TEST_STEP][PASSED] - click(findTestObject("div_Industry")): Object: 'Object Repository/div_Industry' is clicked on

2023-11-07 22:18:53 - [MESSAGE][PASSED] - Object: 'Object Repository/div_Industry' is clicked on

2023-11-07 22:18:53 - [TEST_STEP][PASSED] - sendKeys(findTestObject("div_Industry"), companyIndustry): Keys 'Computer Software' sent to object: 'Object Repository/div_Industry'

2023-11-07 22:18:53 - [MESSAGE][PASSED] - Keys 'Computer Software' sent to object: 'Object Repository/div_Industry'

2023-11-07 22:18:53 - [TEST_STEP][PASSED] - sendKeys(findTestObject("div_Industry"), Keys.chord(ENTER)): Keys 'ENTER + ' sent to object: 'Object Repository/div_Industry'

2023-11-07 22:18:55 - [MESSAGE][PASSED] - Keys 'ENTER + ' sent to object: 'Object Repository/div_Industry'

2023-11-07 22:18:55 - [TEST_STEP][PASSED] - waitForElementVisible(findTestObject("list_Job"), 3): Object 'Object Repository/list_Job' is visible

2023-11-07 22:18:56 - [MESSAGE][PASSED] - Object 'Object Repository/list_Job' is visible

2023-11-07 22:18:56 - [TEST_STEP][PASSED] - verifyElementPresent(findTestObject("list_Job"), 3): Object 'Object Repository/list_Job' is present

2023-11-07 22:18:56 - [MESSAGE][PASSED] - Object 'Object Repository/list_Job' is present

2023-11-07 22:18:56 - [TEST_STEP][PASSED] - closeBrowser(): Browser is closed

2023-11-07 22:18:57 - [MESSAGE][PASSED] - Browser is closed]]></system-out>
         <system-err><![CDATA[]]></system-err>
      </testcase>
      <testcase name="Test Cases/VerifyJobListFilteringBySkill" time="107.747" classname="Test Cases/VerifyJobListFilteringBySkill" status="PASSED">
         <system-out><![CDATA[2023-11-07 22:18:57 - [TEST_CASE][PASSED] - Test Cases/VerifyJobListFilteringBySkill: Test Cases/VerifyJobListFilteringBySkill

2023-11-07 22:18:57 - [TEST_STEP][PASSED] - openBrowser("https://qode.world/career/job-listing"): Browser is opened with url: 'https://qode.world/career/job-listing'

2023-11-07 22:18:57 - [MESSAGE][INFO] - Starting 'Firefox' driver

2023-11-07 22:18:57 - [MESSAGE][INFO] - Action delay is set to 0 milliseconds

2023-11-07 22:19:10 - [MESSAGE][PASSED] - Browser is opened with url: 'https://qode.world/career/job-listing'

2023-11-07 22:19:10 - [TEST_STEP][PASSED] - click(findTestObject("input_skill")): Object: 'Object Repository/input_skill' is clicked on

2023-11-07 22:19:12 - [MESSAGE][PASSED] - Object: 'Object Repository/input_skill' is clicked on

2023-11-07 22:19:12 - [TEST_STEP][PASSED] - sendKeys(findTestObject("input_skill"), skill): Keys 'Javascript' sent to object: 'Object Repository/input_skill'

2023-11-07 22:19:13 - [MESSAGE][PASSED] - Keys 'Javascript' sent to object: 'Object Repository/input_skill'

2023-11-07 22:19:13 - [TEST_STEP][PASSED] - sendKeys(findTestObject("input_skill"), Keys.chord(ENTER)): Keys 'ENTER + ' sent to object: 'Object Repository/input_skill'

2023-11-07 22:19:43 - [MESSAGE][PASSED] - Keys 'ENTER + ' sent to object: 'Object Repository/input_skill'

2023-11-07 22:19:43 - [TEST_STEP][PASSED] - waitForElementVisible(findTestObject("list_Job"), 3): Object 'Object Repository/list_Job' is visible

2023-11-07 22:20:14 - [MESSAGE][PASSED] - Object 'Object Repository/list_Job' is visible

2023-11-07 22:20:14 - [TEST_STEP][PASSED] - verifyElementPresent(findTestObject("list_Job"), 3): Object 'Object Repository/list_Job' is present

2023-11-07 22:20:44 - [MESSAGE][PASSED] - Object 'Object Repository/list_Job' is present

2023-11-07 22:20:44 - [TEST_STEP][PASSED] - closeBrowser(): Browser is closed

2023-11-07 22:20:44 - [MESSAGE][PASSED] - Browser is closed]]></system-out>
         <system-err><![CDATA[]]></system-err>
      </testcase>
      <testcase name="Test Cases/FilterJobListByWorkplaceType" time="8.652" classname="Test Cases/FilterJobListByWorkplaceType" status="PASSED">
         <system-out><![CDATA[2023-11-07 22:20:44 - [TEST_CASE][PASSED] - Test Cases/FilterJobListByWorkplaceType: Test Cases/FilterJobListByWorkplaceType

2023-11-07 22:20:45 - [TEST_STEP][PASSED] - openBrowser("https://qode.world/career/job-listing"): Browser is opened with url: 'https://qode.world/career/job-listing'

2023-11-07 22:20:45 - [MESSAGE][INFO] - Starting 'Firefox' driver

2023-11-07 22:20:45 - [MESSAGE][INFO] - Action delay is set to 0 milliseconds

2023-11-07 22:20:49 - [MESSAGE][PASSED] - Browser is opened with url: 'https://qode.world/career/job-listing'

2023-11-07 22:20:49 - [TEST_STEP][PASSED] - click(findTestObject("span_Remote")): Object: 'Object Repository/span_Remote' is clicked on

2023-11-07 22:20:51 - [MESSAGE][PASSED] - Object: 'Object Repository/span_Remote' is clicked on

2023-11-07 22:20:51 - [TEST_STEP][PASSED] - waitForElementVisible(findTestObject("list_Job"), 3): Object 'Object Repository/list_Job' is visible

2023-11-07 22:20:52 - [MESSAGE][PASSED] - Object 'Object Repository/list_Job' is visible

2023-11-07 22:20:52 - [TEST_STEP][PASSED] - verifyElementText(findTestObject("label_working_type"), "Remote"): Actual text and expected text of test object 'Object Repository/label_working_type' are matched.

2023-11-07 22:20:53 - [MESSAGE][PASSED] - Actual text and expected text of test object 'Object Repository/label_working_type' are matched.

2023-11-07 22:20:53 - [TEST_STEP][PASSED] - closeBrowser(): Browser is closed

2023-11-07 22:20:53 - [MESSAGE][PASSED] - Browser is closed]]></system-out>
         <system-err><![CDATA[]]></system-err>
      </testcase>
      <system-out><![CDATA[2023-11-07 22:16:57 - [TEST_SUITE][ERROR] - E2E Test: Test Cases/SearchJobListByRoleName FAILED.
Reason:
groovy.lang.MissingMethodException: No signature of method: Script1699359265753.findTestObject() is applicable for argument types: () values: []
	at SearchJobListByRoleName.run(SearchJobListByRoleName:33)
	at com.kms.katalon.core.main.ScriptEngine.run(ScriptEngine.java:194)
	at com.kms.katalon.core.main.ScriptEngine.runScriptAsRawText(ScriptEngine.java:119)
	at com.kms.katalon.core.main.TestCaseExecutor.runScript(TestCaseExecutor.java:445)
	at com.kms.katalon.core.main.TestCaseExecutor.doExecute(TestCaseExecutor.java:436)
	at com.kms.katalon.core.main.TestCaseExecutor.processExecutionPhase(TestCaseExecutor.java:415)
	at com.kms.katalon.core.main.TestCaseExecutor.accessMainPhase(TestCaseExecutor.java:407)
	at com.kms.katalon.core.main.TestCaseExecutor.execute(TestCaseExecutor.java:284)
	at com.kms.katalon.core.common.CommonExecutor.accessTestCaseMainPhase(CommonExecutor.java:65)
	at com.kms.katalon.core.main.TestSuiteExecutor.accessTestSuiteMainPhase(TestSuiteExecutor.java:144)
	at com.kms.katalon.core.main.TestSuiteExecutor.execute(TestSuiteExecutor.java:106)
	at com.kms.katalon.core.main.TestCaseMain.startTestSuite(TestCaseMain.java:185)
	at com.kms.katalon.core.main.TestCaseMain$startTestSuite$0.call(Unknown Source)
	at TempTestSuite1699370191094.run(TempTestSuite1699370191094.groovy:36)]]></system-out>
      <system-err><![CDATA[2023-11-07 22:16:57 - [TEST_SUITE][ERROR] - E2E Test: Test Cases/SearchJobListByRoleName FAILED.
Reason:
groovy.lang.MissingMethodException: No signature of method: Script1699359265753.findTestObject() is applicable for argument types: () values: []
	at SearchJobListByRoleName.run(SearchJobListByRoleName:33)
	at com.kms.katalon.core.main.ScriptEngine.run(ScriptEngine.java:194)
	at com.kms.katalon.core.main.ScriptEngine.runScriptAsRawText(ScriptEngine.java:119)
	at com.kms.katalon.core.main.TestCaseExecutor.runScript(TestCaseExecutor.java:445)
	at com.kms.katalon.core.main.TestCaseExecutor.doExecute(TestCaseExecutor.java:436)
	at com.kms.katalon.core.main.TestCaseExecutor.processExecutionPhase(TestCaseExecutor.java:415)
	at com.kms.katalon.core.main.TestCaseExecutor.accessMainPhase(TestCaseExecutor.java:407)
	at com.kms.katalon.core.main.TestCaseExecutor.execute(TestCaseExecutor.java:284)
	at com.kms.katalon.core.common.CommonExecutor.accessTestCaseMainPhase(CommonExecutor.java:65)
	at com.kms.katalon.core.main.TestSuiteExecutor.accessTestSuiteMainPhase(TestSuiteExecutor.java:144)
	at com.kms.katalon.core.main.TestSuiteExecutor.execute(TestSuiteExecutor.java:106)
	at com.kms.katalon.core.main.TestCaseMain.startTestSuite(TestCaseMain.java:185)
	at com.kms.katalon.core.main.TestCaseMain$startTestSuite$0.call(Unknown Source)
	at TempTestSuite1699370191094.run(TempTestSuite1699370191094.groovy:36)]]></system-err>
   </testsuite>
</testsuites>
