<?xml version="1.0" encoding="UTF-8"?>
<testsuites name="E2E Test" time="31.635" tests="2" failures="0" errors="1">
   <testsuite name="E2E Test" tests="2" failures="0" errors="1" time="31.635" skipped="0" timestamp="2023-11-08 09:48:11" hostname="appledanamas - localhost" id="Test Suites/E2E Test">
      <properties>
         <property name="deviceName" value=""/>
         <property name="devicePlatform" value=""/>
         <property name="logFolder" value="/Users/appledanamas/Katalon Studio/QA Automation Test/Reports/20231108_094752/E2E Test/20231108_094752"/>
         <property name="logFiles" value="/Users/appledanamas/Katalon Studio/QA Automation Test/Reports/20231108_094752/E2E Test/20231108_094752/execution0.log"/>
         <property name="attachments" value=""/>
         <property name="hostName" value="appledanamas - localhost"/>
         <property name="os" value="Mac OS X 64bit"/>
         <property name="katalonVersion" value="8.4.0.208"/>
         <property name="browser" value="Firefox 109.0"/>
         <property name="hostAddress" value="127.0.0.1"/>
         <property name="sessionId" value="f030d1ad-c1bb-42a2-b929-4e0edf0b2f13"/>
         <property name="seleniumVersion" value="3.141.59"/>
         <property name="proxyInformation" value="ProxyInformation { proxyOption=NO_PROXY, proxyServerType=HTTP, username=, password=********, proxyServerAddress=, proxyServerPort=0, executionList=&quot;&quot;, isApplyToDesiredCapabilities=true }"/>
         <property name="platform" value="Mac OS X"/>
      </properties>
      <testcase name="Test Cases/SearchJobListByRoleName" time="16.298" classname="Test Cases/SearchJobListByRoleName" status="ERROR">
         <error type="ERROR" message="Test Cases/SearchJobListByRoleName FAILED.
Reason:
groovy.lang.MissingMethodException: No signature of method: static com.kms.katalon.core.webui.keyword.WebUiBuiltInKeywords.verifyElementVisible() is applicable for argument types: (com.kms.katalon.core.testobject.TestObject, java.lang.Integer) values: [TestObject - 'Object Repository/list_Job', 3]
Possible solutions: verifyElementVisible(com.kms.katalon.core.testobject.TestObject), verifyElementVisible(com.kms.katalon.core.testobject.TestObject, com.kms.katalon.core.model.FailureHandling), verifyElementNotVisible(com.kms.katalon.core.testobject.TestObject), verifyElementNotVisible(com.kms.katalon.core.testobject.TestObject, com.kms.katalon.core.model.FailureHandling)
	at SearchJobListByRoleName.run(SearchJobListByRoleName:32)
	at com.kms.katalon.core.main.ScriptEngine.run(ScriptEngine.java:194)
	at com.kms.katalon.core.main.ScriptEngine.runScriptAsRawText(ScriptEngine.java:119)
	at com.kms.katalon.core.main.TestCaseExecutor.runScript(TestCaseExecutor.java:445)
	at com.kms.katalon.core.main.TestCaseExecutor.doExecute(TestCaseExecutor.java:436)
	at com.kms.katalon.core.main.TestCaseExecutor.processExecutionPhase(TestCaseExecutor.java:415)
	at com.kms.katalon.core.main.TestCaseExecutor.accessMainPhase(TestCaseExecutor.java:407)
	at com.kms.katalon.core.main.TestCaseExecutor.execute(TestCaseExecutor.java:284)
	at com.kms.katalon.core.common.CommonExecutor.accessTestCaseMainPhase(CommonExecutor.java:65)
	at com.kms.katalon.core.main.TestSuiteExecutor.accessTestSuiteMainPhase(TestSuiteExecutor.java:144)
	at com.kms.katalon.core.main.TestSuiteExecutor.execute(TestSuiteExecutor.java:106)
	at com.kms.katalon.core.main.TestCaseMain.startTestSuite(TestCaseMain.java:185)
	at com.kms.katalon.core.main.TestCaseMain$startTestSuite$0.call(Unknown Source)
	at TempTestSuite1699411672724.run(TempTestSuite1699411672724.groovy:36)
"/>
         <system-out><![CDATA[2023-11-08 09:48:12 - [TEST_CASE][ERROR] - Test Cases/SearchJobListByRoleName: Test Cases/SearchJobListByRoleName FAILED.
Reason:
groovy.lang.MissingMethodException: No signature of method: static com.kms.katalon.core.webui.keyword.WebUiBuiltInKeywords.verifyElementVisible() is applicable for argument types: (com.kms.katalon.core.testobject.TestObject, java.lang.Integer) values: [TestObject - 'Object Repository/list_Job', 3]
Possible solutions: verifyElementVisible(com.kms.katalon.core.testobject.TestObject), verifyElementVisible(com.kms.katalon.core.testobject.TestObject, com.kms.katalon.core.model.FailureHandling), verifyElementNotVisible(com.kms.katalon.core.testobject.TestObject), verifyElementNotVisible(com.kms.katalon.core.testobject.TestObject, com.kms.katalon.core.model.FailureHandling)
	at SearchJobListByRoleName.run(SearchJobListByRoleName:32)
	at com.kms.katalon.core.main.ScriptEngine.run(ScriptEngine.java:194)
	at com.kms.katalon.core.main.ScriptEngine.runScriptAsRawText(ScriptEngine.java:119)
	at com.kms.katalon.core.main.TestCaseExecutor.runScript(TestCaseExecutor.java:445)
	at com.kms.katalon.core.main.TestCaseExecutor.doExecute(TestCaseExecutor.java:436)
	at com.kms.katalon.core.main.TestCaseExecutor.processExecutionPhase(TestCaseExecutor.java:415)
	at com.kms.katalon.core.main.TestCaseExecutor.accessMainPhase(TestCaseExecutor.java:407)
	at com.kms.katalon.core.main.TestCaseExecutor.execute(TestCaseExecutor.java:284)
	at com.kms.katalon.core.common.CommonExecutor.accessTestCaseMainPhase(CommonExecutor.java:65)
	at com.kms.katalon.core.main.TestSuiteExecutor.accessTestSuiteMainPhase(TestSuiteExecutor.java:144)
	at com.kms.katalon.core.main.TestSuiteExecutor.execute(TestSuiteExecutor.java:106)
	at com.kms.katalon.core.main.TestCaseMain.startTestSuite(TestCaseMain.java:185)
	at com.kms.katalon.core.main.TestCaseMain$startTestSuite$0.call(Unknown Source)
	at TempTestSuite1699411672724.run(TempTestSuite1699411672724.groovy:36)


2023-11-08 09:48:12 - [TEST_STEP][PASSED] - openBrowser("https://qode.world/career/job-listing"): Browser is opened with url: 'https://qode.world/career/job-listing'

2023-11-08 09:48:13 - [MESSAGE][INFO] - Starting 'Firefox' driver

2023-11-08 09:48:13 - [MESSAGE][INFO] - Action delay is set to 0 milliseconds

2023-11-08 09:48:23 - [MESSAGE][PASSED] - Browser is opened with url: 'https://qode.world/career/job-listing'

2023-11-08 09:48:23 - [TEST_STEP][PASSED] - setText(findTestObject("input_Search"), roleName): Text 'QA Engineer' is set on object 'Object Repository/input_Search'

2023-11-08 09:48:26 - [MESSAGE][PASSED] - Text 'QA Engineer' is set on object 'Object Repository/input_Search'

2023-11-08 09:48:26 - [TEST_STEP][PASSED] - sendKeys(findTestObject("input_Search"), Keys.chord(ENTER)): Keys 'ENTER + ' sent to object: 'Object Repository/input_Search'

2023-11-08 09:48:27 - [MESSAGE][PASSED] - Keys 'ENTER + ' sent to object: 'Object Repository/input_Search'

2023-11-08 09:48:27 - [TEST_STEP][PASSED] - waitForElementVisible(findTestObject("list_Job"), 3): Object 'Object Repository/list_Job' is visible

2023-11-08 09:48:28 - [MESSAGE][PASSED] - Object 'Object Repository/list_Job' is visible

2023-11-08 09:48:28 - [TEST_STEP][ERROR] - verifyElementVisible(findTestObject("list_Job"), 3): Test Cases/SearchJobListByRoleName FAILED.
Reason:
groovy.lang.MissingMethodException: No signature of method: static com.kms.katalon.core.webui.keyword.WebUiBuiltInKeywords.verifyElementVisible() is applicable for argument types: (com.kms.katalon.core.testobject.TestObject, java.lang.Integer) values: [TestObject - 'Object Repository/list_Job', 3]
Possible solutions: verifyElementVisible(com.kms.katalon.core.testobject.TestObject), verifyElementVisible(com.kms.katalon.core.testobject.TestObject, com.kms.katalon.core.model.FailureHandling), verifyElementNotVisible(com.kms.katalon.core.testobject.TestObject), verifyElementNotVisible(com.kms.katalon.core.testobject.TestObject, com.kms.katalon.core.model.FailureHandling)
	at SearchJobListByRoleName.run(SearchJobListByRoleName:32)
	at com.kms.katalon.core.main.ScriptEngine.run(ScriptEngine.java:194)
	at com.kms.katalon.core.main.ScriptEngine.runScriptAsRawText(ScriptEngine.java:119)
	at com.kms.katalon.core.main.TestCaseExecutor.runScript(TestCaseExecutor.java:445)
	at com.kms.katalon.core.main.TestCaseExecutor.doExecute(TestCaseExecutor.java:436)
	at com.kms.katalon.core.main.TestCaseExecutor.processExecutionPhase(TestCaseExecutor.java:415)
	at com.kms.katalon.core.main.TestCaseExecutor.accessMainPhase(TestCaseExecutor.java:407)
	at com.kms.katalon.core.main.TestCaseExecutor.execute(TestCaseExecutor.java:284)
	at com.kms.katalon.core.common.CommonExecutor.accessTestCaseMainPhase(CommonExecutor.java:65)
	at com.kms.katalon.core.main.TestSuiteExecutor.accessTestSuiteMainPhase(TestSuiteExecutor.java:144)
	at com.kms.katalon.core.main.TestSuiteExecutor.execute(TestSuiteExecutor.java:106)
	at com.kms.katalon.core.main.TestCaseMain.startTestSuite(TestCaseMain.java:185)
	at com.kms.katalon.core.main.TestCaseMain$startTestSuite$0.call(Unknown Source)
	at TempTestSuite1699411672724.run(TempTestSuite1699411672724.groovy:36)


2023-11-08 09:48:28 - [MESSAGE][ERROR] - Test Cases/SearchJobListByRoleName FAILED.
Reason:
groovy.lang.MissingMethodException: No signature of method: static com.kms.katalon.core.webui.keyword.WebUiBuiltInKeywords.verifyElementVisible() is applicable for argument types: (com.kms.katalon.core.testobject.TestObject, java.lang.Integer) values: [TestObject - 'Object Repository/list_Job', 3]
Possible solutions: verifyElementVisible(com.kms.katalon.core.testobject.TestObject), verifyElementVisible(com.kms.katalon.core.testobject.TestObject, com.kms.katalon.core.model.FailureHandling), verifyElementNotVisible(com.kms.katalon.core.testobject.TestObject), verifyElementNotVisible(com.kms.katalon.core.testobject.TestObject, com.kms.katalon.core.model.FailureHandling)
	at SearchJobListByRoleName.run(SearchJobListByRoleName:32)
	at com.kms.katalon.core.main.ScriptEngine.run(ScriptEngine.java:194)
	at com.kms.katalon.core.main.ScriptEngine.runScriptAsRawText(ScriptEngine.java:119)
	at com.kms.katalon.core.main.TestCaseExecutor.runScript(TestCaseExecutor.java:445)
	at com.kms.katalon.core.main.TestCaseExecutor.doExecute(TestCaseExecutor.java:436)
	at com.kms.katalon.core.main.TestCaseExecutor.processExecutionPhase(TestCaseExecutor.java:415)
	at com.kms.katalon.core.main.TestCaseExecutor.accessMainPhase(TestCaseExecutor.java:407)
	at com.kms.katalon.core.main.TestCaseExecutor.execute(TestCaseExecutor.java:284)
	at com.kms.katalon.core.common.CommonExecutor.accessTestCaseMainPhase(CommonExecutor.java:65)
	at com.kms.katalon.core.main.TestSuiteExecutor.accessTestSuiteMainPhase(TestSuiteExecutor.java:144)
	at com.kms.katalon.core.main.TestSuiteExecutor.execute(TestSuiteExecutor.java:106)
	at com.kms.katalon.core.main.TestCaseMain.startTestSuite(TestCaseMain.java:185)
	at com.kms.katalon.core.main.TestCaseMain$startTestSuite$0.call(Unknown Source)
	at TempTestSuite1699411672724.run(TempTestSuite1699411672724.groovy:36)]]></system-out>
         <system-err><![CDATA[2023-11-08 09:48:12 - [TEST_CASE][ERROR] - Test Cases/SearchJobListByRoleName: Test Cases/SearchJobListByRoleName FAILED.
Reason:
groovy.lang.MissingMethodException: No signature of method: static com.kms.katalon.core.webui.keyword.WebUiBuiltInKeywords.verifyElementVisible() is applicable for argument types: (com.kms.katalon.core.testobject.TestObject, java.lang.Integer) values: [TestObject - 'Object Repository/list_Job', 3]
Possible solutions: verifyElementVisible(com.kms.katalon.core.testobject.TestObject), verifyElementVisible(com.kms.katalon.core.testobject.TestObject, com.kms.katalon.core.model.FailureHandling), verifyElementNotVisible(com.kms.katalon.core.testobject.TestObject), verifyElementNotVisible(com.kms.katalon.core.testobject.TestObject, com.kms.katalon.core.model.FailureHandling)
	at SearchJobListByRoleName.run(SearchJobListByRoleName:32)
	at com.kms.katalon.core.main.ScriptEngine.run(ScriptEngine.java:194)
	at com.kms.katalon.core.main.ScriptEngine.runScriptAsRawText(ScriptEngine.java:119)
	at com.kms.katalon.core.main.TestCaseExecutor.runScript(TestCaseExecutor.java:445)
	at com.kms.katalon.core.main.TestCaseExecutor.doExecute(TestCaseExecutor.java:436)
	at com.kms.katalon.core.main.TestCaseExecutor.processExecutionPhase(TestCaseExecutor.java:415)
	at com.kms.katalon.core.main.TestCaseExecutor.accessMainPhase(TestCaseExecutor.java:407)
	at com.kms.katalon.core.main.TestCaseExecutor.execute(TestCaseExecutor.java:284)
	at com.kms.katalon.core.common.CommonExecutor.accessTestCaseMainPhase(CommonExecutor.java:65)
	at com.kms.katalon.core.main.TestSuiteExecutor.accessTestSuiteMainPhase(TestSuiteExecutor.java:144)
	at com.kms.katalon.core.main.TestSuiteExecutor.execute(TestSuiteExecutor.java:106)
	at com.kms.katalon.core.main.TestCaseMain.startTestSuite(TestCaseMain.java:185)
	at com.kms.katalon.core.main.TestCaseMain$startTestSuite$0.call(Unknown Source)
	at TempTestSuite1699411672724.run(TempTestSuite1699411672724.groovy:36)]]></system-err>
      </testcase>
      <testcase name="Test Cases/ResetFilters" time="14.832" classname="Test Cases/ResetFilters" status="PASSED">
         <system-out><![CDATA[2023-11-08 09:48:28 - [TEST_CASE][PASSED] - Test Cases/ResetFilters: Test Cases/ResetFilters

2023-11-08 09:48:28 - [TEST_STEP][PASSED] - openBrowser("https://qode.world/career/job-listing"): Browser is opened with url: 'https://qode.world/career/job-listing'

2023-11-08 09:48:28 - [MESSAGE][WARNING] - A browser is already opened. Closing browser and opening a new one

2023-11-08 09:48:29 - [MESSAGE][INFO] - Starting 'Firefox' driver

2023-11-08 09:48:29 - [MESSAGE][INFO] - Action delay is set to 0 milliseconds

2023-11-08 09:48:35 - [MESSAGE][PASSED] - Browser is opened with url: 'https://qode.world/career/job-listing'

2023-11-08 09:48:35 - [TEST_STEP][PASSED] - click(findTestObject("span_Full-time")): Object: 'Object Repository/span_Full-time' is clicked on

2023-11-08 09:48:38 - [MESSAGE][PASSED] - Object: 'Object Repository/span_Full-time' is clicked on

2023-11-08 09:48:38 - [TEST_STEP][PASSED] - click(findTestObject("span_Remote")): Object: 'Object Repository/span_Remote' is clicked on

2023-11-08 09:48:39 - [MESSAGE][PASSED] - Object: 'Object Repository/span_Remote' is clicked on

2023-11-08 09:48:39 - [TEST_STEP][PASSED] - waitForElementVisible(findTestObject("list_Job"), 3): Object 'Object Repository/list_Job' is visible

2023-11-08 09:48:40 - [MESSAGE][PASSED] - Object 'Object Repository/list_Job' is visible

2023-11-08 09:48:40 - [TEST_STEP][PASSED] - click(findTestObject("button_Reset")): Object: 'Object Repository/button_Reset' is clicked on

2023-11-08 09:48:40 - [MESSAGE][PASSED] - Object: 'Object Repository/button_Reset' is clicked on

2023-11-08 09:48:40 - [TEST_STEP][PASSED] - waitForElementVisible(findTestObject("list_Job"), 3): Object 'Object Repository/list_Job' is visible

2023-11-08 09:48:41 - [MESSAGE][PASSED] - Object 'Object Repository/list_Job' is visible

2023-11-08 09:48:41 - [TEST_STEP][PASSED] - verifyElementPresent(findTestObject("list_Job"), 3): Object 'Object Repository/list_Job' is present

2023-11-08 09:48:43 - [MESSAGE][PASSED] - Object 'Object Repository/list_Job' is present

2023-11-08 09:48:43 - [TEST_STEP][PASSED] - closeBrowser(): Browser is closed

2023-11-08 09:48:43 - [MESSAGE][PASSED] - Browser is closed]]></system-out>
         <system-err><![CDATA[]]></system-err>
      </testcase>
      <system-out><![CDATA[2023-11-08 09:48:11 - [TEST_SUITE][ERROR] - E2E Test: Test Cases/SearchJobListByRoleName FAILED.
Reason:
groovy.lang.MissingMethodException: No signature of method: static com.kms.katalon.core.webui.keyword.WebUiBuiltInKeywords.verifyElementVisible() is applicable for argument types: (com.kms.katalon.core.testobject.TestObject, java.lang.Integer) values: [TestObject - 'Object Repository/list_Job', 3]
Possible solutions: verifyElementVisible(com.kms.katalon.core.testobject.TestObject), verifyElementVisible(com.kms.katalon.core.testobject.TestObject, com.kms.katalon.core.model.FailureHandling), verifyElementNotVisible(com.kms.katalon.core.testobject.TestObject), verifyElementNotVisible(com.kms.katalon.core.testobject.TestObject, com.kms.katalon.core.model.FailureHandling)
	at SearchJobListByRoleName.run(SearchJobListByRoleName:32)
	at com.kms.katalon.core.main.ScriptEngine.run(ScriptEngine.java:194)
	at com.kms.katalon.core.main.ScriptEngine.runScriptAsRawText(ScriptEngine.java:119)
	at com.kms.katalon.core.main.TestCaseExecutor.runScript(TestCaseExecutor.java:445)
	at com.kms.katalon.core.main.TestCaseExecutor.doExecute(TestCaseExecutor.java:436)
	at com.kms.katalon.core.main.TestCaseExecutor.processExecutionPhase(TestCaseExecutor.java:415)
	at com.kms.katalon.core.main.TestCaseExecutor.accessMainPhase(TestCaseExecutor.java:407)
	at com.kms.katalon.core.main.TestCaseExecutor.execute(TestCaseExecutor.java:284)
	at com.kms.katalon.core.common.CommonExecutor.accessTestCaseMainPhase(CommonExecutor.java:65)
	at com.kms.katalon.core.main.TestSuiteExecutor.accessTestSuiteMainPhase(TestSuiteExecutor.java:144)
	at com.kms.katalon.core.main.TestSuiteExecutor.execute(TestSuiteExecutor.java:106)
	at com.kms.katalon.core.main.TestCaseMain.startTestSuite(TestCaseMain.java:185)
	at com.kms.katalon.core.main.TestCaseMain$startTestSuite$0.call(Unknown Source)
	at TempTestSuite1699411672724.run(TempTestSuite1699411672724.groovy:36)]]></system-out>
      <system-err><![CDATA[2023-11-08 09:48:11 - [TEST_SUITE][ERROR] - E2E Test: Test Cases/SearchJobListByRoleName FAILED.
Reason:
groovy.lang.MissingMethodException: No signature of method: static com.kms.katalon.core.webui.keyword.WebUiBuiltInKeywords.verifyElementVisible() is applicable for argument types: (com.kms.katalon.core.testobject.TestObject, java.lang.Integer) values: [TestObject - 'Object Repository/list_Job', 3]
Possible solutions: verifyElementVisible(com.kms.katalon.core.testobject.TestObject), verifyElementVisible(com.kms.katalon.core.testobject.TestObject, com.kms.katalon.core.model.FailureHandling), verifyElementNotVisible(com.kms.katalon.core.testobject.TestObject), verifyElementNotVisible(com.kms.katalon.core.testobject.TestObject, com.kms.katalon.core.model.FailureHandling)
	at SearchJobListByRoleName.run(SearchJobListByRoleName:32)
	at com.kms.katalon.core.main.ScriptEngine.run(ScriptEngine.java:194)
	at com.kms.katalon.core.main.ScriptEngine.runScriptAsRawText(ScriptEngine.java:119)
	at com.kms.katalon.core.main.TestCaseExecutor.runScript(TestCaseExecutor.java:445)
	at com.kms.katalon.core.main.TestCaseExecutor.doExecute(TestCaseExecutor.java:436)
	at com.kms.katalon.core.main.TestCaseExecutor.processExecutionPhase(TestCaseExecutor.java:415)
	at com.kms.katalon.core.main.TestCaseExecutor.accessMainPhase(TestCaseExecutor.java:407)
	at com.kms.katalon.core.main.TestCaseExecutor.execute(TestCaseExecutor.java:284)
	at com.kms.katalon.core.common.CommonExecutor.accessTestCaseMainPhase(CommonExecutor.java:65)
	at com.kms.katalon.core.main.TestSuiteExecutor.accessTestSuiteMainPhase(TestSuiteExecutor.java:144)
	at com.kms.katalon.core.main.TestSuiteExecutor.execute(TestSuiteExecutor.java:106)
	at com.kms.katalon.core.main.TestCaseMain.startTestSuite(TestCaseMain.java:185)
	at com.kms.katalon.core.main.TestCaseMain$startTestSuite$0.call(Unknown Source)
	at TempTestSuite1699411672724.run(TempTestSuite1699411672724.groovy:36)]]></system-err>
   </testsuite>
</testsuites>
